<?xml version="1.0" encoding="UTF-8"?>
<!-- Generated by org.testng.reporters.JUnitReportReporter -->
<testsuite hostname="LAPTOP-RQ5ADVUS" failures="0" tests="6" name="almosaferWeb.myTestCases" time="0.526" errors="0" timestamp="2023-12-09T14:46:35 EET" skipped="0">
  <testcase classname="almosaferWeb.myTestCases" name="defaultLanguage" time="0.081"/>
  <system-out/>
  <testcase classname="almosaferWeb.myTestCases" name="hotelsTabIsNotSelected" time="0.194"/>
  <system-out/>
  <testcase classname="almosaferWeb.myTestCases" name="currencyTest" time="0.092"/>
  <system-out/>
  <testcase classname="almosaferWeb.myTestCases" name="testTheFlightDepartureAndReturnDate" time="0.100"/>
  <system-out/>
  <testcase classname="almosaferWeb.myTestCases" name="qitafLogoTest" time="0.030"/>
  <system-out/>
  <testcase classname="almosaferWeb.myTestCases" name="numberTest" time="0.029"/>
  <system-out/>
</testsuite> <!-- almosaferWeb.myTestCases -->
