<?xml version="1.0" encoding="UTF-8"?>
<!-- Generated by org.testng.reporters.JUnitReportReporter -->
<testsuite hostname="LAPTOP-RQ5ADVUS" failures="0" tests="7" name="almosaferWeb.myTestCases" time="0.232" errors="0" timestamp="2024-01-16T04:40:46 EET" skipped="2">
  <testcase classname="almosaferWeb.myTestCases" name="defaultLanguage" time="0.041"/>
  <system-out/>
  <testcase classname="almosaferWeb.myTestCases" name="hotelsTabIsNotSelected" time="0.096"/>
  <system-out/>
  <testcase classname="almosaferWeb.myTestCases" name="qitafLogoTest" time="0.033"/>
  <system-out/>
  <testcase classname="almosaferWeb.myTestCases" name="currencyTest" time="0.037"/>
  <system-out/>
  <testcase classname="almosaferWeb.myTestCases" name="numberTest" time="0.025"/>
  <system-out/>
  <testcase classname="almosaferWeb.myTestCases" name="testTheFlightDepartureAndReturnDate">
    <skipped/>
  </testcase> <!-- testTheFlightDepartureAndReturnDate -->
  <system-out/>
  <testcase classname="almosaferWeb.myTestCases" name="changeLanguageTest">
    <skipped/>
  </testcase> <!-- changeLanguageTest -->
  <system-out/>
</testsuite> <!-- almosaferWeb.myTestCases -->
