<?xml version="1.0" encoding="UTF-8"?>
<!-- Generated by org.testng.reporters.JUnitReportReporter -->
<testsuite hostname="LAPTOP-RQ5ADVUS" failures="0" tests="7" name="almosaferWeb.myTestCases" time="5.949" errors="0" timestamp="2023-12-13T02:19:21 EET" skipped="6">
  <testcase classname="almosaferWeb.myTestCases" name="changeLanguageTest" time="5.949"/>
  <system-out/>
  <testcase classname="almosaferWeb.myTestCases" name="hotelsTabIsNotSelected">
    <skipped/>
  </testcase> <!-- hotelsTabIsNotSelected -->
  <system-out/>
  <testcase classname="almosaferWeb.myTestCases" name="currencyTest">
    <skipped/>
  </testcase> <!-- currencyTest -->
  <system-out/>
  <testcase classname="almosaferWeb.myTestCases" name="qitafLogoTest">
    <skipped/>
  </testcase> <!-- qitafLogoTest -->
  <system-out/>
  <testcase classname="almosaferWeb.myTestCases" name="defaultLanguage">
    <skipped/>
  </testcase> <!-- defaultLanguage -->
  <system-out/>
  <testcase classname="almosaferWeb.myTestCases" name="testTheFlightDepartureAndReturnDate">
    <skipped/>
  </testcase> <!-- testTheFlightDepartureAndReturnDate -->
  <system-out/>
  <testcase classname="almosaferWeb.myTestCases" name="numberTest">
    <skipped/>
  </testcase> <!-- numberTest -->
  <system-out/>
</testsuite> <!-- almosaferWeb.myTestCases -->
