<?xml version="1.0" encoding="UTF-8"?>
<!-- Generated by org.testng.reporters.JUnitReportReporter -->
<testsuite hostname="LAPTOP-RQ5ADVUS" failures="0" tests="7" name="almosaferWeb.myTestCases" time="62.336" errors="0" timestamp="2024-02-14T00:09:21 EET" skipped="0">
  <testcase classname="almosaferWeb.myTestCases" name="defaultLanguage" time="0.081"/>
  <system-out/>
  <testcase classname="almosaferWeb.myTestCases" name="currencyTest" time="0.042"/>
  <system-out/>
  <testcase classname="almosaferWeb.myTestCases" name="numberTest" time="0.035"/>
  <system-out/>
  <testcase classname="almosaferWeb.myTestCases" name="qitafLogoTest" time="0.062"/>
  <system-out/>
  <testcase classname="almosaferWeb.myTestCases" name="hotelsTabIsNotSelected" time="0.058"/>
  <system-out/>
  <testcase classname="almosaferWeb.myTestCases" name="testTheFlightDepartureAndReturnDate" time="0.200"/>
  <system-out/>
  <testcase classname="almosaferWeb.myTestCases" name="changeLanguageTest" time="61.858"/>
  <system-out/>
</testsuite> <!-- almosaferWeb.myTestCases -->
