<?xml version="1.0" encoding="UTF-8"?>
<!-- Generated by org.testng.reporters.JUnitReportReporter -->
<testsuite hostname="LAPTOP-RQ5ADVUS" failures="0" tests="7" name="almosaferWeb.myTestCases" time="0.180" errors="0" timestamp="2024-01-16T02:51:26 EET" skipped="2">
  <testcase classname="almosaferWeb.myTestCases" name="defaultLanguage" time="0.057"/>
  <system-out/>
  <testcase classname="almosaferWeb.myTestCases" name="hotelsTabIsNotSelected" time="0.028"/>
  <system-out/>
  <testcase classname="almosaferWeb.myTestCases" name="qitafLogoTest" time="0.030"/>
  <system-out/>
  <testcase classname="almosaferWeb.myTestCases" name="currencyTest" time="0.041"/>
  <system-out/>
  <testcase classname="almosaferWeb.myTestCases" name="numberTest" time="0.024"/>
  <system-out/>
  <testcase classname="almosaferWeb.myTestCases" name="testTheFlightDepartureAndReturnDate">
    <skipped/>
  </testcase> <!-- testTheFlightDepartureAndReturnDate -->
  <system-out/>
  <testcase classname="almosaferWeb.myTestCases" name="changeLanguageTest">
    <skipped/>
  </testcase> <!-- changeLanguageTest -->
  <system-out/>
</testsuite> <!-- almosaferWeb.myTestCases -->
